<?xml version="1.0" encoding="UTF-8"?>
<testsuite name="pdfOperations.AppTest" tests="1" skipped="0" failures="0" errors="0" timestamp="2021-09-15T14:41:35" hostname="ALPER-BAHCEKAPI" time="0.004">
  <properties/>
  <testcase name="testAppHasAGreeting" classname="pdfOperations.AppTest" time="0.004"/>
  <system-out><![CDATA[]]></system-out>
  <system-err><![CDATA[]]></system-err>
</testsuite>
